2026-01-17 20:48:12,331 INFO o.a.j.u.JMeterUtils: Setting Locale to en_EN
2026-01-17 20:48:12,348 INFO o.a.j.JMeter: Loading user properties from: /opt/apache-jmeter-5.6.3/bin/user.properties
2026-01-17 20:48:12,348 INFO o.a.j.JMeter: Loading system properties from: /opt/apache-jmeter-5.6.3/bin/system.properties
2026-01-17 20:48:12,353 INFO o.a.j.JMeter: Copyright (c) 1998-2024 The Apache Software Foundation
2026-01-17 20:48:12,353 INFO o.a.j.JMeter: Version 5.6.3
2026-01-17 20:48:12,353 INFO o.a.j.JMeter: java.version=11.0.29
2026-01-17 20:48:12,353 INFO o.a.j.JMeter: java.vm.name=OpenJDK 64-Bit Server VM
2026-01-17 20:48:12,353 INFO o.a.j.JMeter: os.name=Linux
2026-01-17 20:48:12,354 INFO o.a.j.JMeter: os.arch=amd64
2026-01-17 20:48:12,354 INFO o.a.j.JMeter: os.version=6.14.0-37-generic
2026-01-17 20:48:12,354 INFO o.a.j.JMeter: file.encoding=UTF-8
2026-01-17 20:48:12,354 INFO o.a.j.JMeter: java.awt.headless=true
2026-01-17 20:48:12,354 INFO o.a.j.JMeter: Max memory     =12884901888
2026-01-17 20:48:12,354 INFO o.a.j.JMeter: Available Processors =12
2026-01-17 20:48:12,361 INFO o.a.j.JMeter: Default Locale=English (EN)
2026-01-17 20:48:12,361 INFO o.a.j.JMeter: JMeter  Locale=English (EN)
2026-01-17 20:48:12,361 INFO o.a.j.JMeter: JMeterHome=/opt/apache-jmeter-5.6.3
2026-01-17 20:48:12,361 INFO o.a.j.JMeter: user.dir  =/home/artem/Essentials-JMeter
2026-01-17 20:48:12,361 INFO o.a.j.JMeter: PWD       =/home/artem/Essentials-JMeter
2026-01-17 20:48:12,362 INFO o.a.j.JMeter: IP: 127.0.1.1 Name: artem-nitro-5 FullName: artem-nitro-5
2026-01-17 20:48:12,371 INFO o.a.j.JMeter: Setting property 'jmeter.reportgenerator.outputdir' to:'/home/artem/Essentials-JMeter/reports/report_2026-01-17_22-48'
2026-01-17 20:48:12,373 INFO o.a.j.s.FileServer: Default base='/home/artem/Essentials-JMeter'
2026-01-17 20:48:12,374 INFO o.a.j.s.FileServer: Set new base='/home/artem/Essentials-JMeter/scripts'
2026-01-17 20:48:12,502 INFO o.a.j.s.SaveService: Testplan (JMX) version: 2.2. Testlog (JTL) version: 2.2
2026-01-17 20:48:12,523 INFO o.a.j.s.SaveService: Using SaveService properties version 5.0
2026-01-17 20:48:12,525 INFO o.a.j.s.SaveService: Using SaveService properties file encoding UTF-8
2026-01-17 20:48:12,527 INFO o.a.j.s.SaveService: Loading file: scripts/Essentials.jmx
2026-01-17 20:48:12,553 INFO o.a.j.p.h.c.CookieManager: Settings: Delete null: true Check: true Allow variable: true Save: false Prefix: COOKIE_
2026-01-17 20:48:12,556 INFO o.a.j.p.h.c.CacheManager: Will only cache the following methods: [GET]
2026-01-17 20:48:12,583 INFO o.a.j.p.h.s.HTTPSamplerBase: Parser for text/html is org.apache.jmeter.protocol.http.parser.LagartoBasedHtmlParser
2026-01-17 20:48:12,583 INFO o.a.j.p.h.s.HTTPSamplerBase: Parser for application/xhtml+xml is org.apache.jmeter.protocol.http.parser.LagartoBasedHtmlParser
2026-01-17 20:48:12,584 INFO o.a.j.p.h.s.HTTPSamplerBase: Parser for application/xml is org.apache.jmeter.protocol.http.parser.LagartoBasedHtmlParser
2026-01-17 20:48:12,584 INFO o.a.j.p.h.s.HTTPSamplerBase: Parser for text/xml is org.apache.jmeter.protocol.http.parser.LagartoBasedHtmlParser
2026-01-17 20:48:12,584 INFO o.a.j.p.h.s.HTTPSamplerBase: Parser for text/vnd.wap.wml is org.apache.jmeter.protocol.http.parser.RegexpHTMLParser
2026-01-17 20:48:12,584 INFO o.a.j.p.h.s.HTTPSamplerBase: Parser for text/css is org.apache.jmeter.protocol.http.parser.CssParser
2026-01-17 20:48:12,599 INFO o.a.j.s.SampleResult: Note: Sample TimeStamps are START times
2026-01-17 20:48:12,599 INFO o.a.j.s.SampleResult: sampleresult.default.encoding is set to UTF-8
2026-01-17 20:48:12,599 INFO o.a.j.s.SampleResult: sampleresult.useNanoTime=true
2026-01-17 20:48:12,599 INFO o.a.j.s.SampleResult: sampleresult.nanoThreadSleep=5000
2026-01-17 20:48:12,688 INFO o.a.j.e.KeyToolUtils: keytool found at 'keytool'
2026-01-17 20:48:12,690 INFO o.a.j.p.h.p.ProxyControl: HTTP(S) Test Script Recorder SSL Proxy will use keys that support embedded 3rd party resources in file /opt/apache-jmeter-5.6.3/bin/proxyserver.jks
2026-01-17 20:48:12,703 INFO o.a.j.JMeter: Creating summariser <summary>
2026-01-17 20:48:12,706 INFO o.a.j.r.d.ReportGenerator: ReportGenerator will use for Parsing the separator: ','
2026-01-17 20:48:12,706 INFO o.a.j.r.d.ReportGenerator: Will generate report at end of test from  results file: results/test_result_2026-01-17_22-48.jtl
2026-01-17 20:48:12,706 INFO o.a.j.r.d.ReportGenerator: Reading report generator properties from: /opt/apache-jmeter-5.6.3/bin/reportgenerator.properties
2026-01-17 20:48:12,707 INFO o.a.j.r.d.ReportGenerator: Merging with JMeter properties
2026-01-17 20:48:12,710 INFO o.a.j.r.c.ReportGeneratorConfiguration: Property 'jmeter.reportgenerator.temp_dir' not found, using default value 'temp' instead.
2026-01-17 20:48:12,712 INFO o.a.j.r.c.ReportGeneratorConfiguration: Property 'jmeter.reportgenerator.apdex_per_transaction' not found, using default value 'null' instead.
2026-01-17 20:48:12,712 INFO o.a.j.r.c.ReportGeneratorConfiguration: apdex_per_transaction is empty, not APDEX per transaction customization
2026-01-17 20:48:12,712 INFO o.a.j.r.c.ReportGeneratorConfiguration: Property 'jmeter.reportgenerator.sample_filter' not found, using default value 'null' instead.
2026-01-17 20:48:12,712 INFO o.a.j.r.c.ReportGeneratorConfiguration: Property 'jmeter.reportgenerator.report_title' not found, using default value 'null' instead.
2026-01-17 20:48:12,712 INFO o.a.j.r.c.ReportGeneratorConfiguration: Property 'jmeter.reportgenerator.start_date' not found, using default value 'null' instead.
2026-01-17 20:48:12,712 INFO o.a.j.r.c.ReportGeneratorConfiguration: Property 'jmeter.reportgenerator.end_date' not found, using default value 'null' instead.
2026-01-17 20:48:12,712 INFO o.a.j.r.c.ReportGeneratorConfiguration: Property 'jmeter.reportgenerator.date_format' not found, using default value 'null' instead.
2026-01-17 20:48:12,712 INFO o.a.j.r.c.ReportGeneratorConfiguration: Will use date range start date: null, end date: null
2026-01-17 20:48:12,714 INFO o.a.j.r.c.ReportGeneratorConfiguration: Property 'jmeter.reportgenerator.graph.totalTPS.exclude_controllers' not found, using default value 'false' instead.
2026-01-17 20:48:12,715 INFO o.a.j.r.c.ReportGeneratorConfiguration: Property 'jmeter.reportgenerator.graph.activeThreadsOverTime.exclude_controllers' not found, using default value 'false' instead.
2026-01-17 20:48:12,715 INFO o.a.j.r.c.ReportGeneratorConfiguration: Property 'jmeter.reportgenerator.graph.timeVsThreads.exclude_controllers' not found, using default value 'false' instead.
2026-01-17 20:48:12,715 INFO o.a.j.r.c.ReportGeneratorConfiguration: Property 'jmeter.reportgenerator.graph.responseTimeDistribution.exclude_controllers' not found, using default value 'false' instead.
2026-01-17 20:48:12,715 INFO o.a.j.r.c.ReportGeneratorConfiguration: Property 'jmeter.reportgenerator.graph.transactionsPerSecond.exclude_controllers' not found, using default value 'false' instead.
2026-01-17 20:48:12,715 INFO o.a.j.r.c.ReportGeneratorConfiguration: Property 'jmeter.reportgenerator.graph.responseTimePercentiles.exclude_controllers' not found, using default value 'false' instead.
2026-01-17 20:48:12,715 INFO o.a.j.r.c.ReportGeneratorConfiguration: Property 'jmeter.reportgenerator.graph.responseTimePercentilesOverTime.exclude_controllers' not found, using default value 'false' instead.
2026-01-17 20:48:12,715 INFO o.a.j.r.c.ReportGeneratorConfiguration: Property 'jmeter.reportgenerator.graph.responseTimesOverTime.exclude_controllers' not found, using default value 'false' instead.
2026-01-17 20:48:12,715 INFO o.a.j.r.c.ReportGeneratorConfiguration: Property 'jmeter.reportgenerator.graph.connectTimeOverTime.exclude_controllers' not found, using default value 'false' instead.
2026-01-17 20:48:12,715 INFO o.a.j.r.c.ReportGeneratorConfiguration: Property 'jmeter.reportgenerator.graph.latenciesOverTime.exclude_controllers' not found, using default value 'false' instead.
2026-01-17 20:48:12,716 INFO o.a.j.r.c.ReportGeneratorConfiguration: Property 'jmeter.reportgenerator.exporter.json.filters_only_sample_series' not found, using default value 'true' instead.
2026-01-17 20:48:12,716 INFO o.a.j.r.c.ReportGeneratorConfiguration: Property 'jmeter.reportgenerator.exporter.json.series_filter' not found, using default value '' instead.
2026-01-17 20:48:12,716 INFO o.a.j.r.c.ReportGeneratorConfiguration: Property 'jmeter.reportgenerator.exporter.json.show_controllers_only' not found, using default value 'false' instead.
2026-01-17 20:48:12,716 INFO o.a.j.r.c.ReportGeneratorConfiguration: Property 'jmeter.reportgenerator.exporter.html.filters_only_sample_series' not found, using default value 'true' instead.
2026-01-17 20:48:12,716 INFO o.a.j.r.c.ReportGeneratorConfiguration: Property 'jmeter.reportgenerator.exporter.html.series_filter' not found, using default value '' instead.
2026-01-17 20:48:12,716 INFO o.a.j.r.c.ReportGeneratorConfiguration: Property 'jmeter.reportgenerator.exporter.html.show_controllers_only' not found, using default value 'false' instead.
2026-01-17 20:48:12,724 INFO o.a.j.e.StandardJMeterEngine: Running the test!
2026-01-17 20:48:12,725 INFO o.a.j.s.SampleEvent: List of sample_variables: []
2026-01-17 20:48:12,725 INFO o.a.j.s.SampleEvent: List of sample_variables: []
2026-01-17 20:48:12,731 INFO o.a.j.e.u.CompoundVariable: Note: Function class names must contain the string: '.functions.'
2026-01-17 20:48:12,731 INFO o.a.j.e.u.CompoundVariable: Note: Function class names must not contain the string: '.gui.'
2026-01-17 20:48:12,894 INFO o.a.j.r.ClassFinder: Will scan jar /opt/apache-jmeter-5.6.3/lib/ext/jmeter-plugins-manager-1.11.jar with filter ExtendsClassFilter [parents=[interface org.apache.jmeter.functions.Function], inner=false, contains=null, notContains=null]. Consider exposing JMeter plugins via META-INF/services, and add JMeter-Skip-Class-Scanning=true manifest attribute so JMeter can skip classfile scanning
2026-01-17 20:48:12,961 INFO o.a.j.r.ClassFinder: Will scan jar /opt/apache-jmeter-5.6.3/lib/ext/jmeter-plugins-random-csv-data-set-0.8.jar with filter ExtendsClassFilter [parents=[interface org.apache.jmeter.functions.Function], inner=false, contains=null, notContains=null]. Consider exposing JMeter plugins via META-INF/services, and add JMeter-Skip-Class-Scanning=true manifest attribute so JMeter can skip classfile scanning
2026-01-17 20:48:12,964 INFO o.a.j.r.ClassFinder: Will scan jar /opt/apache-jmeter-5.6.3/lib/ext/jmeter-plugins-graphs-basic-2.0.jar with filter ExtendsClassFilter [parents=[interface org.apache.jmeter.functions.Function], inner=false, contains=null, notContains=null]. Consider exposing JMeter plugins via META-INF/services, and add JMeter-Skip-Class-Scanning=true manifest attribute so JMeter can skip classfile scanning
2026-01-17 20:48:12,967 INFO o.a.j.r.ClassFinder: Will scan jar /opt/apache-jmeter-5.6.3/lib/ext/jmeter-plugins-graphs-additional-2.0.jar with filter ExtendsClassFilter [parents=[interface org.apache.jmeter.functions.Function], inner=false, contains=null, notContains=null]. Consider exposing JMeter plugins via META-INF/services, and add JMeter-Skip-Class-Scanning=true manifest attribute so JMeter can skip classfile scanning
2026-01-17 20:48:13,006 INFO o.a.j.JMeter: Running test (1768682893006)
2026-01-17 20:48:13,022 INFO o.a.j.e.StandardJMeterEngine: Starting ThreadGroup: 1 : Customer
2026-01-17 20:48:13,022 INFO o.a.j.e.StandardJMeterEngine: Starting 5 threads for group Customer.
2026-01-17 20:48:13,022 INFO o.a.j.e.StandardJMeterEngine: Thread will continue on error
2026-01-17 20:48:13,023 INFO o.a.j.t.ThreadGroup: Starting thread group... number=1 threads=5 ramp-up=1 delayedStart=false
2026-01-17 20:48:13,037 INFO o.a.j.t.ThreadGroup: Started thread group number 1
2026-01-17 20:48:13,037 INFO o.a.j.e.StandardJMeterEngine: All thread groups have been started
2026-01-17 20:48:13,058 INFO o.a.j.t.JMeterThread: Thread started: Customer 1-1
2026-01-17 20:48:13,059 INFO o.a.j.s.FileServer: Stored: ../data/users.csv
2026-01-17 20:48:13,073 INFO o.a.j.p.h.s.HTTPHCAbstractImpl: Local host = artem-nitro-5
2026-01-17 20:48:13,076 INFO o.a.j.p.h.s.HTTPHC4Impl: HTTP request retry count = 0
2026-01-17 20:48:13,230 INFO o.a.j.p.h.p.BaseParser: Created org.apache.jmeter.protocol.http.parser.LagartoBasedHtmlParser
2026-01-17 20:48:13,254 INFO o.a.j.t.JMeterThread: Thread started: Customer 1-2
2026-01-17 20:48:13,274 INFO o.a.j.p.h.s.ResourcesDownloader: Creating ResourcesDownloader with keepalive_inseconds : 60
2026-01-17 20:48:13,286 INFO o.a.j.p.h.p.BaseParser: Created org.apache.jmeter.protocol.http.parser.CssParser
2026-01-17 20:48:13,286 INFO o.a.j.p.h.p.BaseParser: Created org.apache.jmeter.protocol.http.parser.CssParser
2026-01-17 20:48:13,286 INFO o.a.j.p.h.p.BaseParser: Created org.apache.jmeter.protocol.http.parser.CssParser
2026-01-17 20:48:13,286 INFO o.a.j.p.h.p.BaseParser: Created org.apache.jmeter.protocol.http.parser.CssParser
2026-01-17 20:48:13,286 INFO o.a.j.p.h.p.BaseParser: Created org.apache.jmeter.protocol.http.parser.CssParser
2026-01-17 20:48:13,287 INFO o.a.j.p.h.p.BaseParser: Created org.apache.jmeter.protocol.http.parser.CssParser
2026-01-17 20:48:13,452 INFO o.a.j.t.JMeterThread: Thread started: Customer 1-3
2026-01-17 20:48:13,650 INFO o.a.j.t.JMeterThread: Thread started: Customer 1-4
2026-01-17 20:48:13,846 INFO o.a.j.t.JMeterThread: Thread started: Customer 1-5
2026-01-17 20:48:45,016 WARN o.a.j.p.h.s.HTTPSamplerBase: Existing CookieManager Config: HTTP CookieManager superseded by Config: HTTP CookieManager
2026-01-17 20:48:47,454 WARN o.a.j.p.h.s.HTTPSamplerBase: Existing CookieManager Config: HTTP CookieManager superseded by Config: HTTP CookieManager
2026-01-17 20:48:47,731 WARN o.a.j.p.h.s.HTTPSamplerBase: Existing CookieManager Config: HTTP CookieManager superseded by Config: HTTP CookieManager
2026-01-17 20:49:06,002 WARN o.a.j.p.h.s.HTTPSamplerBase: Existing CookieManager Config: HTTP CookieManager superseded by Config: HTTP CookieManager
2026-01-17 20:49:16,662 WARN o.a.j.p.h.s.HTTPSamplerBase: Existing CookieManager Config: HTTP CookieManager superseded by Config: HTTP CookieManager
2026-01-17 20:49:26,291 WARN o.a.j.p.h.s.HTTPSamplerBase: Existing CookieManager Config: HTTP CookieManager superseded by Config: HTTP CookieManager
2026-01-17 20:49:36,047 WARN o.a.j.p.h.s.HTTPSamplerBase: Existing CookieManager Config: HTTP CookieManager superseded by Config: HTTP CookieManager
2026-01-17 20:49:54,790 WARN o.a.j.p.h.s.HTTPSamplerBase: Existing CookieManager Config: HTTP CookieManager superseded by Config: HTTP CookieManager
2026-01-17 20:50:05,286 WARN o.a.j.p.h.s.HTTPSamplerBase: Existing CookieManager Config: HTTP CookieManager superseded by Config: HTTP CookieManager
2026-01-17 20:50:05,555 WARN o.a.j.p.h.s.HTTPSamplerBase: Existing CookieManager Config: HTTP CookieManager superseded by Config: HTTP CookieManager
2026-01-17 20:50:06,391 WARN o.a.j.p.h.s.HTTPSamplerBase: Existing CookieManager Config: HTTP CookieManager superseded by Config: HTTP CookieManager
2026-01-17 20:50:26,884 WARN o.a.j.p.h.s.HTTPSamplerBase: Existing CookieManager Config: HTTP CookieManager superseded by Config: HTTP CookieManager
2026-01-17 20:50:35,848 WARN o.a.j.p.h.s.HTTPSamplerBase: Existing CookieManager Config: HTTP CookieManager superseded by Config: HTTP CookieManager
2026-01-17 20:50:47,065 WARN o.a.j.p.h.s.HTTPSamplerBase: Existing CookieManager Config: HTTP CookieManager superseded by Config: HTTP CookieManager
2026-01-17 20:50:49,920 WARN o.a.j.p.h.s.HTTPSamplerBase: Existing CookieManager Config: HTTP CookieManager superseded by Config: HTTP CookieManager
2026-01-17 20:50:59,188 WARN o.a.j.p.h.s.HTTPSamplerBase: Existing CookieManager Config: HTTP CookieManager superseded by Config: HTTP CookieManager
2026-01-17 20:51:19,044 WARN o.a.j.p.h.s.HTTPSamplerBase: Existing CookieManager Config: HTTP CookieManager superseded by Config: HTTP CookieManager
2026-01-17 20:51:23,579 WARN o.a.j.p.h.s.HTTPSamplerBase: Existing CookieManager Config: HTTP CookieManager superseded by Config: HTTP CookieManager
2026-01-17 20:51:31,383 INFO o.a.j.t.JMeterThread: Thread is done: Customer 1-2
2026-01-17 20:51:31,383 INFO o.a.j.t.JMeterThread: Thread finished: Customer 1-2
2026-01-17 20:51:42,163 INFO o.a.j.t.JMeterThread: Thread is done: Customer 1-5
2026-01-17 20:51:42,164 INFO o.a.j.t.JMeterThread: Thread finished: Customer 1-5
2026-01-17 20:51:46,797 WARN o.a.j.p.h.s.HTTPSamplerBase: Existing CookieManager Config: HTTP CookieManager superseded by Config: HTTP CookieManager
2026-01-17 20:51:50,258 WARN o.a.j.p.h.s.HTTPSamplerBase: Existing CookieManager Config: HTTP CookieManager superseded by Config: HTTP CookieManager
2026-01-17 20:52:23,315 INFO o.a.j.t.JMeterThread: Thread is done: Customer 1-4
2026-01-17 20:52:23,315 INFO o.a.j.t.JMeterThread: Thread finished: Customer 1-4
2026-01-17 20:52:34,351 INFO o.a.j.t.JMeterThread: Thread is done: Customer 1-3
2026-01-17 20:52:34,352 INFO o.a.j.t.JMeterThread: Thread finished: Customer 1-3
2026-01-17 20:52:35,418 INFO o.a.j.t.JMeterThread: Thread is done: Customer 1-1
2026-01-17 20:52:35,418 INFO o.a.j.t.JMeterThread: Thread finished: Customer 1-1
2026-01-17 20:52:35,419 INFO o.a.j.e.StandardJMeterEngine: Notifying test listeners of end of test
2026-01-17 20:52:35,419 INFO o.a.j.s.FileServer: Close: ../data/users.csv
2026-01-17 20:52:35,421 INFO o.a.j.r.Summariser: summary =      0 in 00:00:00 = ******/s Avg:     0 Min: 9223372036854775807 Max: -9223372036854775808 Err:     0 (0.00%)
2026-01-17 20:52:35,422 INFO o.a.j.JMeter: Generating Dashboard
2026-01-17 20:52:35,422 INFO o.a.j.r.d.ReportGenerator: Flushing result collector before report Generation
2026-01-17 20:52:35,429 INFO o.a.j.r.p.NormalizerSampleConsumer: Using format, 'ms', to parse timeStamp field
2026-01-17 20:52:35,547 INFO o.a.j.r.p.AbstractSampleConsumer: class org.apache.jmeter.report.processor.AggregateConsumer#stopProducing(): beginDate produced 0 samples
2026-01-17 20:52:35,547 INFO o.a.j.r.p.AbstractSampleConsumer: class org.apache.jmeter.report.processor.AggregateConsumer#stopProducing(): endDate produced 0 samples
2026-01-17 20:52:35,550 INFO o.a.j.r.p.AbstractSampleConsumer: class org.apache.jmeter.report.processor.ApdexSummaryConsumer#stopProducing(): apdexSummary produced 0 samples
2026-01-17 20:52:35,550 INFO o.a.j.r.p.AbstractSampleConsumer: class org.apache.jmeter.report.processor.RequestsSummaryConsumer#stopProducing(): requestsSummary produced 0 samples
2026-01-17 20:52:35,558 INFO o.a.j.r.p.AbstractSampleConsumer: class org.apache.jmeter.report.processor.StatisticsSummaryConsumer#stopProducing(): statisticsSummary produced 0 samples
2026-01-17 20:52:35,560 INFO o.a.j.r.p.AbstractSampleConsumer: class org.apache.jmeter.report.processor.Top5ErrorsBySamplerConsumer#stopProducing(): top5ErrorsBySampler produced 0 samples
2026-01-17 20:52:35,560 INFO o.a.j.r.p.AbstractSampleConsumer: class org.apache.jmeter.report.processor.ErrorsSummaryConsumer#stopProducing(): errorsSummary produced 0 samples
2026-01-17 20:52:35,560 INFO o.a.j.r.p.AbstractSampleConsumer: class org.apache.jmeter.report.processor.graph.impl.HitsPerSecondGraphConsumer#stopProducing(): hitsPerSecond produced 0 samples
2026-01-17 20:52:35,592 INFO o.a.j.r.p.AbstractSampleConsumer: class org.apache.jmeter.report.processor.graph.impl.LatencyVSRequestGraphConsumer#stopProducing(): latencyVsRequest produced 0 samples
2026-01-17 20:52:35,593 INFO o.a.j.r.p.AbstractSampleConsumer: class org.apache.jmeter.report.processor.graph.impl.SyntheticResponseTimeDistributionGraphConsumer#stopProducing(): syntheticResponseTimeDistribution produced 0 samples
2026-01-17 20:52:35,593 INFO o.a.j.r.p.AbstractSampleConsumer: class org.apache.jmeter.report.processor.graph.impl.BytesThroughputGraphConsumer#stopProducing(): bytesThroughputOverTime produced 0 samples
2026-01-17 20:52:35,594 INFO o.a.j.r.p.AbstractSampleConsumer: class org.apache.jmeter.report.processor.graph.impl.CodesPerSecondGraphConsumer#stopProducing(): codesPerSecond produced 0 samples
2026-01-17 20:52:35,602 INFO o.a.j.r.p.AbstractSampleConsumer: class org.apache.jmeter.report.processor.graph.impl.ResponseTimeVSRequestGraphConsumer#stopProducing(): responseTimeVsRequest produced 0 samples
2026-01-17 20:52:35,602 INFO o.a.j.r.p.AbstractSampleConsumer: class org.apache.jmeter.report.processor.FilterConsumer#stopProducing(): startIntervalControlerFilter produced 13391 samples
2026-01-17 20:52:35,602 INFO o.a.j.r.p.AbstractSampleConsumer: class org.apache.jmeter.report.processor.graph.impl.TotalTPSGraphConsumer#stopProducing(): totalTPS produced 0 samples
2026-01-17 20:52:35,603 INFO o.a.j.r.p.AbstractSampleConsumer: class org.apache.jmeter.report.processor.graph.impl.ActiveThreadsGraphConsumer#stopProducing(): activeThreadsOverTime produced 0 samples
2026-01-17 20:52:35,603 INFO o.a.j.r.p.AbstractSampleConsumer: class org.apache.jmeter.report.processor.graph.impl.TimeVSThreadGraphConsumer#stopProducing(): timeVsThreads produced 0 samples
2026-01-17 20:52:35,615 INFO o.a.j.r.p.AbstractSampleConsumer: class org.apache.jmeter.report.processor.graph.impl.ResponseTimeDistributionGraphConsumer#stopProducing(): responseTimeDistribution produced 0 samples
2026-01-17 20:52:35,616 INFO o.a.j.r.p.AbstractSampleConsumer: class org.apache.jmeter.report.processor.graph.impl.TransactionsPerSecondGraphConsumer#stopProducing(): transactionsPerSecond produced 0 samples
2026-01-17 20:52:35,618 INFO o.a.j.r.p.AbstractSampleConsumer: class org.apache.jmeter.report.processor.graph.impl.ResponseTimePercentilesGraphConsumer#stopProducing(): responseTimePercentiles produced 0 samples
2026-01-17 20:52:35,638 INFO o.a.j.r.p.AbstractSampleConsumer: class org.apache.jmeter.report.processor.graph.impl.ResponseTimePercentilesOverTimeGraphConsumer#stopProducing(): responseTimePercentilesOverTime produced 0 samples
2026-01-17 20:52:35,640 INFO o.a.j.r.p.AbstractSampleConsumer: class org.apache.jmeter.report.processor.graph.impl.ResponseTimeOverTimeGraphConsumer#stopProducing(): responseTimesOverTime produced 0 samples
2026-01-17 20:52:35,641 INFO o.a.j.r.p.AbstractSampleConsumer: class org.apache.jmeter.report.processor.graph.impl.ConnectTimeOverTimeGraphConsumer#stopProducing(): connectTimeOverTime produced 0 samples
2026-01-17 20:52:35,642 INFO o.a.j.r.p.AbstractSampleConsumer: class org.apache.jmeter.report.processor.graph.impl.LatencyOverTimeGraphConsumer#stopProducing(): latenciesOverTime produced 0 samples
2026-01-17 20:52:35,643 INFO o.a.j.r.p.AbstractSampleConsumer: class org.apache.jmeter.report.processor.FilterConsumer#stopProducing(): nameFilter produced 31050 samples
2026-01-17 20:52:35,644 INFO o.a.j.r.p.AbstractSampleConsumer: class org.apache.jmeter.report.processor.FilterConsumer#stopProducing(): dateRangeFilter produced 6210 samples
2026-01-17 20:52:35,644 INFO o.a.j.r.p.AbstractSampleConsumer: class org.apache.jmeter.report.processor.NormalizerSampleConsumer#stopProducing(): normalizer produced 2070 samples
2026-01-17 20:52:35,644 INFO o.a.j.r.p.CsvFileSampleSource: produce(): 2070 samples produced in 198ms on channel 0
2026-01-17 20:52:35,644 INFO o.a.j.r.d.ReportGenerator: Exporting data using exporter:'json' of className:'org.apache.jmeter.report.dashboard.JsonExporter'
2026-01-17 20:52:35,700 INFO o.a.j.r.d.JsonExporter: Found data for consumer statisticsSummary in context
2026-01-17 20:52:35,700 INFO o.a.j.r.d.JsonExporter: Creating statistics for overall
2026-01-17 20:52:35,701 INFO o.a.j.r.d.JsonExporter: Creating statistics for other transactions
2026-01-17 20:52:35,702 INFO o.a.j.r.d.JsonExporter: Checking output folder
2026-01-17 20:52:35,702 INFO o.a.j.r.d.JsonExporter: Writing statistics JSON to /home/artem/Essentials-JMeter/reports/report_2026-01-17_22-48/statistics.json
2026-01-17 20:52:35,737 INFO o.a.j.r.d.ReportGenerator: Exporting data using exporter:'html' of className:'org.apache.jmeter.report.dashboard.HtmlTemplateExporter'
2026-01-17 20:52:35,739 INFO o.a.j.r.d.HtmlTemplateExporter: Will generate dashboard in folder: /home/artem/Essentials-JMeter/reports/report_2026-01-17_22-48
2026-01-17 20:52:35,952 INFO o.a.j.r.d.HtmlTemplateExporter: Report will be generated in: /home/artem/Essentials-JMeter/reports/report_2026-01-17_22-48, creating folder structure
2026-01-17 20:52:35,954 INFO o.a.j.r.d.TemplateVisitor: Copying folder from '/opt/apache-jmeter-5.6.3/bin/report-template' to '/home/artem/Essentials-JMeter/reports/report_2026-01-17_22-48', got message: /home/artem/Essentials-JMeter/reports/report_2026-01-17_22-48, found non empty folder with following content [/home/artem/Essentials-JMeter/reports/report_2026-01-17_22-48/statistics.json], will be ignored
2026-01-17 20:52:36,110 INFO o.a.j.JMeter: Dashboard generated
